<?xml version="1.0" encoding="UTF-8"?>
<testsuites name="jest tests" tests="32" failures="0" errors="0" time="7.932">
  <testsuite name="src\__tests__\AddAttendeesApi.test.js" errors="0" failures="0" skipped="0" timestamp="2022-07-06T17:06:15" time="2.619" tests="1">
    <testcase classname="&lt;AddAttendeesApi /&gt; when API call is made, the loader is displayed should return 200 response" name="&lt;AddAttendeesApi /&gt; when API call is made, the loader is displayed should return 200 response" time="0.129">
    </testcase>
  </testsuite>
  <testsuite name="src\__tests__\CreateGroup.test.js" errors="0" failures="0" skipped="0" timestamp="2022-07-06T17:06:15" time="3.244" tests="7">
    <testcase classname=" renders the create a group tagline" name=" renders the create a group tagline" time="0.201">
    </testcase>
    <testcase classname=" renders the go back button" name=" renders the go back button" time="0.028">
    </testcase>
    <testcase classname=" renders the create group button" name=" renders the create group button" time="0.028">
    </testcase>
    <testcase classname=" renders the email address form" name=" renders the email address form" time="0.026">
    </testcase>
    <testcase classname=" renders the location form" name=" renders the location form" time="0.025">
    </testcase>
    <testcase classname=" renders the radius form" name=" renders the radius form" time="0.019">
    </testcase>
    <testcase classname=" renders the duration form" name=" renders the duration form" time="0.024">
    </testcase>
  </testsuite>
  <testsuite name="src\__tests__\RestaurantForm.test.js" errors="0" failures="0" skipped="0" timestamp="2022-07-06T17:06:15" time="3.285" tests="1">
    <testcase classname="&lt;RestaurantForm /&gt; should load group data into form" name="&lt;RestaurantForm /&gt; should load group data into form" time="0.894">
    </testcase>
  </testsuite>
  <testsuite name="src\__tests__\AddAttendee.test.js" errors="0" failures="0" skipped="0" timestamp="2022-07-06T17:06:15" time="3.618" tests="7">
    <testcase classname=" renders the add attendees page tagline" name=" renders the add attendees page tagline" time="0.212">
    </testcase>
    <testcase classname=" renders the go back button" name=" renders the go back button" time="0.197">
    </testcase>
    <testcase classname=" renders the invite attendees button" name=" renders the invite attendees button" time="0.068">
    </testcase>
    <testcase classname=" renders the add attendee button" name=" renders the add attendee button" time="0.046">
    </testcase>
    <testcase classname=" renders the skip button" name=" renders the skip button" time="0.038">
    </testcase>
    <testcase classname=" renders the email address form" name=" renders the email address form" time="0.018">
    </testcase>
    <testcase classname=" renders the name form" name=" renders the name form" time="0.022">
    </testcase>
  </testsuite>
  <testsuite name="src\__tests__\InitiatorPage.test.js" errors="0" failures="0" skipped="0" timestamp="2022-07-06T17:06:15" time="4.244" tests="1">
    <testcase classname=" renders the initiator page tagline" name=" renders the initiator page tagline" time="0.231">
    </testcase>
  </testsuite>
  <testsuite name="src\__tests__\App.test.js" errors="0" failures="0" skipped="0" timestamp="2022-07-06T17:06:15" time="4.318" tests="3">
    <testcase classname=" renders the header" name=" renders the header" time="0.19">
    </testcase>
    <testcase classname=" renders the tagline" name=" renders the tagline" time="0.02">
    </testcase>
    <testcase classname=" renders the landing page" name=" renders the landing page" time="0.019">
    </testcase>
  </testsuite>
  <testsuite name="src\__tests__\GetSessionApi.test.js" errors="0" failures="0" skipped="0" timestamp="2022-07-06T17:06:18" time="1.073" tests="1">
    <testcase classname="&lt;GetSessionApi /&gt; when API call is made, the loader is displayed should return restaurant list" name="&lt;GetSessionApi /&gt; when API call is made, the loader is displayed should return restaurant list" time="0.054">
    </testcase>
  </testsuite>
  <testsuite name="src\__tests__\LandingPage.test.js" errors="0" failures="0" skipped="0" timestamp="2022-07-06T17:06:18" time="1.601" tests="3">
    <testcase classname=" renders the create a group button" name=" renders the create a group button" time="0.081">
    </testcase>
    <testcase classname=" renders the join a group button" name=" renders the join a group button" time="0.012">
    </testcase>
    <testcase classname=" renders the more info button" name=" renders the more info button" time="0.011">
    </testcase>
  </testsuite>
  <testsuite name="src\__tests__\SessionApi.test.js" errors="0" failures="0" skipped="0" timestamp="2022-07-06T17:06:18" time="1.033" tests="1">
    <testcase classname="&lt;SessionApi /&gt; when API call is made, the loader is displayed should return session id" name="&lt;SessionApi /&gt; when API call is made, the loader is displayed should return session id" time="0.086">
    </testcase>
  </testsuite>
  <testsuite name="src\__tests__\Tagline.test.js" errors="0" failures="0" skipped="0" timestamp="2022-07-06T17:06:19" time="0.836" tests="1">
    <testcase classname=" renders the Tagline" name=" renders the Tagline" time="0.022">
    </testcase>
  </testsuite>
  <testsuite name="src\__tests__\Header.test.js" errors="0" failures="0" skipped="0" timestamp="2022-07-06T17:06:19" time="0.563" tests="1">
    <testcase classname=" renders the header" name=" renders the header" time="0.025">
    </testcase>
  </testsuite>
  <testsuite name="src\__tests__\AttendeeForm.test.js" errors="0" failures="0" skipped="0" timestamp="2022-07-06T17:06:15" time="5.069" tests="5">
    <testcase classname="&lt;AttendeeForm /&gt; should load user data into form" name="&lt;AttendeeForm /&gt; should load user data into form" time="0.704">
    </testcase>
    <testcase classname="&lt;AttendeeForm /&gt; add attendee button should be disabled without data in fields" name="&lt;AttendeeForm /&gt; add attendee button should be disabled without data in fields" time="0.062">
    </testcase>
    <testcase classname="&lt;AttendeeForm /&gt; should load user data into form and add attendee to list" name="&lt;AttendeeForm /&gt; should load user data into form and add attendee to list" time="0.743">
    </testcase>
    <testcase classname="&lt;AttendeeForm /&gt; should click edit and load user data into form" name="&lt;AttendeeForm /&gt; should click edit and load user data into form" time="0.509">
    </testcase>
    <testcase classname="&lt;AttendeeForm /&gt; should click delete and delete user from list" name="&lt;AttendeeForm /&gt; should click delete and delete user from list" time="0.402">
    </testcase>
  </testsuite>
</testsuites>