<?xml version="1.0" encoding="UTF-8"?>
<testsuites name="jest tests" tests="40" failures="0" errors="0" time="8.777">
  <testsuite name="src\__tests__\JoinForm.test.js" errors="0" failures="0" skipped="0" timestamp="2022-07-31T21:07:49" time="2.883" tests="4">
    <testcase classname="&lt;JoinForm /&gt; should load group data into form" name="&lt;JoinForm /&gt; should load group data into form" time="0.521">
    </testcase>
    <testcase classname="&lt;JoinForm /&gt; join group button should render" name="&lt;JoinForm /&gt; join group button should render" time="0.034">
    </testcase>
    <testcase classname="&lt;JoinForm /&gt; back button should render" name="&lt;JoinForm /&gt; back button should render" time="0.029">
    </testcase>
    <testcase classname="&lt;JoinForm /&gt; text boxes should render" name="&lt;JoinForm /&gt; text boxes should render" time="0.039">
    </testcase>
  </testsuite>
  <testsuite name="src\__tests__\CreateGroup.test.js" errors="0" failures="0" skipped="0" timestamp="2022-07-31T21:07:49" time="3.051" tests="7">
    <testcase classname=" renders the create a group tagline" name=" renders the create a group tagline" time="0.186">
    </testcase>
    <testcase classname=" renders the go back button" name=" renders the go back button" time="0.03">
    </testcase>
    <testcase classname=" renders the create group button" name=" renders the create group button" time="0.038">
    </testcase>
    <testcase classname=" renders the email address form" name=" renders the email address form" time="0.022">
    </testcase>
    <testcase classname=" renders the location form" name=" renders the location form" time="0.022">
    </testcase>
    <testcase classname=" renders the radius form" name=" renders the radius form" time="0.022">
    </testcase>
    <testcase classname=" renders the duration form" name=" renders the duration form" time="0.028">
    </testcase>
  </testsuite>
  <testsuite name="src\__tests__\RestaurantForm.test.js" errors="0" failures="0" skipped="0" timestamp="2022-07-31T21:07:49" time="3.145" tests="1">
    <testcase classname="&lt;RestaurantForm /&gt; should load group data into form" name="&lt;RestaurantForm /&gt; should load group data into form" time="0.883">
    </testcase>
  </testsuite>
  <testsuite name="src\__tests__\AddAttendee.test.js" errors="0" failures="0" skipped="0" timestamp="2022-07-31T21:07:49" time="3.323" tests="7">
    <testcase classname=" renders the add attendees page tagline" name=" renders the add attendees page tagline" time="0.16">
    </testcase>
    <testcase classname=" renders the go back button" name=" renders the go back button" time="0.174">
    </testcase>
    <testcase classname=" renders the invite attendees button" name=" renders the invite attendees button" time="0.071">
    </testcase>
    <testcase classname=" renders the add attendee button" name=" renders the add attendee button" time="0.058">
    </testcase>
    <testcase classname=" renders the skip button" name=" renders the skip button" time="0.056">
    </testcase>
    <testcase classname=" renders the email address form" name=" renders the email address form" time="0.017">
    </testcase>
    <testcase classname=" renders the name form" name=" renders the name form" time="0.025">
    </testcase>
  </testsuite>
  <testsuite name="src\__tests__\App.test.js" errors="0" failures="0" skipped="0" timestamp="2022-07-31T21:07:49" time="3.268" tests="3">
    <testcase classname=" renders the header" name=" renders the header" time="0.24">
    </testcase>
    <testcase classname=" renders the tagline" name=" renders the tagline" time="0.033">
    </testcase>
    <testcase classname=" renders the landing page" name=" renders the landing page" time="0.023">
    </testcase>
  </testsuite>
  <testsuite name="src\__tests__\Tagline.test.js" errors="0" failures="0" skipped="0" timestamp="2022-07-31T21:07:52" time="0.97" tests="1">
    <testcase classname=" renders the Tagline" name=" renders the Tagline" time="0.027">
    </testcase>
  </testsuite>
  <testsuite name="src\__tests__\VoteApi.test.js" errors="0" failures="0" skipped="0" timestamp="2022-07-31T21:07:49" time="4.374" tests="2">
    <testcase classname="&lt;VoteApi /&gt; should click yes and api endpoint should be called" name="&lt;VoteApi /&gt; should click yes and api endpoint should be called" time="0.422">
    </testcase>
    <testcase classname="&lt;VoteApi /&gt; should click yes and api endpoint should not be called" name="&lt;VoteApi /&gt; should click yes and api endpoint should not be called" time="0.076">
    </testcase>
  </testsuite>
  <testsuite name="src\__tests__\SessionApi.test.js" errors="0" failures="0" skipped="0" timestamp="2022-07-31T21:07:52" time="1.068" tests="1">
    <testcase classname="&lt;SessionApi /&gt; when API call is made, the loader is displayed should return session id" name="&lt;SessionApi /&gt; when API call is made, the loader is displayed should return session id" time="0.05">
    </testcase>
  </testsuite>
  <testsuite name="src\__tests__\GetSessionApi.test.js" errors="0" failures="0" skipped="0" timestamp="2022-07-31T21:07:52" time="1.27" tests="1">
    <testcase classname="&lt;GetSessionApi /&gt; when API call is made, the loader is displayed should return restaurant list" name="&lt;GetSessionApi /&gt; when API call is made, the loader is displayed should return restaurant list" time="0.102">
    </testcase>
  </testsuite>
  <testsuite name="src\__tests__\LandingPage.test.js" errors="0" failures="0" skipped="0" timestamp="2022-07-31T21:07:52" time="1.579" tests="3">
    <testcase classname=" renders the create a group button" name=" renders the create a group button" time="0.084">
    </testcase>
    <testcase classname=" renders the join a group button" name=" renders the join a group button" time="0.016">
    </testcase>
    <testcase classname=" renders the more info button" name=" renders the more info button" time="0.011">
    </testcase>
  </testsuite>
  <testsuite name="src\__tests__\InitiatorPage.test.js" errors="0" failures="0" skipped="0" timestamp="2022-07-31T21:07:52" time="1.545" tests="1">
    <testcase classname=" renders the initiator page tagline" name=" renders the initiator page tagline" time="0.109">
    </testcase>
  </testsuite>
  <testsuite name="src\__tests__\Header.test.js" errors="0" failures="0" skipped="0" timestamp="2022-07-31T21:07:53" time="0.597" tests="1">
    <testcase classname=" renders the header" name=" renders the header" time="0.023">
    </testcase>
  </testsuite>
  <testsuite name="src\__tests__\AddAttendeesApi.test.js" errors="0" failures="0" skipped="0" timestamp="2022-07-31T21:07:53" time="0.666" tests="1">
    <testcase classname="&lt;AddAttendeesApi /&gt; when API call is made, the loader is displayed should return 200 response" name="&lt;AddAttendeesApi /&gt; when API call is made, the loader is displayed should return 200 response" time="0.035">
    </testcase>
  </testsuite>
  <testsuite name="src\__tests__\AttendeeForm.test.js" errors="0" failures="0" skipped="0" timestamp="2022-07-31T21:07:49" time="6.022" tests="7">
    <testcase classname="&lt;AttendeeForm /&gt; should load user data into form" name="&lt;AttendeeForm /&gt; should load user data into form" time="0.597">
    </testcase>
    <testcase classname="&lt;AttendeeForm /&gt; add attendee button should be disabled without data in fields" name="&lt;AttendeeForm /&gt; add attendee button should be disabled without data in fields" time="0.049">
    </testcase>
    <testcase classname="&lt;AttendeeForm /&gt; should load user data into form and add attendee to list" name="&lt;AttendeeForm /&gt; should load user data into form and add attendee to list" time="0.746">
    </testcase>
    <testcase classname="&lt;AttendeeForm /&gt; should click edit and load user data into form" name="&lt;AttendeeForm /&gt; should click edit and load user data into form" time="0.771">
    </testcase>
    <testcase classname="&lt;AttendeeForm /&gt; should click delete and delete user from list" name="&lt;AttendeeForm /&gt; should click delete and delete user from list" time="0.511">
    </testcase>
    <testcase classname="&lt;AttendeeForm /&gt; should hover over edit icon and see tooltip" name="&lt;AttendeeForm /&gt; should hover over edit icon and see tooltip" time="0.439">
    </testcase>
    <testcase classname="&lt;AttendeeForm /&gt; should hover over delete icon and see tooltip" name="&lt;AttendeeForm /&gt; should hover over delete icon and see tooltip" time="0.423">
    </testcase>
  </testsuite>
</testsuites>