<?xml version="1.0" encoding="UTF-8"?>
<testsuites name="jest tests" tests="41" failures="0" errors="0" time="8.654">
  <testsuite name="src\__tests__\JoinForm.test.js" errors="0" failures="0" skipped="0" timestamp="2022-08-03T01:04:16" time="2.919" tests="4">
    <testcase classname="&lt;JoinForm /&gt; should load group data into form" name="&lt;JoinForm /&gt; should load group data into form" time="0.487">
    </testcase>
    <testcase classname="&lt;JoinForm /&gt; join group button should render" name="&lt;JoinForm /&gt; join group button should render" time="0.041">
    </testcase>
    <testcase classname="&lt;JoinForm /&gt; back button should render" name="&lt;JoinForm /&gt; back button should render" time="0.034">
    </testcase>
    <testcase classname="&lt;JoinForm /&gt; text boxes should render" name="&lt;JoinForm /&gt; text boxes should render" time="0.035">
    </testcase>
  </testsuite>
  <testsuite name="src\__tests__\CreateGroup.test.js" errors="0" failures="0" skipped="0" timestamp="2022-08-03T01:04:16" time="2.947" tests="7">
    <testcase classname=" renders the create a group tagline" name=" renders the create a group tagline" time="0.173">
    </testcase>
    <testcase classname=" renders the go back button" name=" renders the go back button" time="0.037">
    </testcase>
    <testcase classname=" renders the create group button" name=" renders the create group button" time="0.026">
    </testcase>
    <testcase classname=" renders the email address form" name=" renders the email address form" time="0.018">
    </testcase>
    <testcase classname=" renders the location form" name=" renders the location form" time="0.017">
    </testcase>
    <testcase classname=" renders the radius form" name=" renders the radius form" time="0.018">
    </testcase>
    <testcase classname=" renders the duration form" name=" renders the duration form" time="0.026">
    </testcase>
  </testsuite>
  <testsuite name="src\__tests__\App.test.js" errors="0" failures="0" skipped="0" timestamp="2022-08-03T01:04:16" time="3.033" tests="3">
    <testcase classname=" renders the header" name=" renders the header" time="0.17">
    </testcase>
    <testcase classname=" renders the tagline" name=" renders the tagline" time="0.018">
    </testcase>
    <testcase classname=" renders the landing page" name=" renders the landing page" time="0.019">
    </testcase>
  </testsuite>
  <testsuite name="src\__tests__\RestaurantForm.test.js" errors="0" failures="0" skipped="0" timestamp="2022-08-03T01:04:16" time="3.065" tests="1">
    <testcase classname="&lt;RestaurantForm /&gt; should load group data into form" name="&lt;RestaurantForm /&gt; should load group data into form" time="0.773">
    </testcase>
  </testsuite>
  <testsuite name="src\__tests__\VoteApi.test.js" errors="0" failures="0" skipped="0" timestamp="2022-08-03T01:04:16" time="3.414" tests="3">
    <testcase classname="&lt;VoteApi /&gt; should click yes and api endpoint should be called" name="&lt;VoteApi /&gt; should click yes and api endpoint should be called" time="0.346">
    </testcase>
    <testcase classname="&lt;VoteApi /&gt; should click yes and api endpoint should not be called" name="&lt;VoteApi /&gt; should click yes and api endpoint should not be called" time="0.068">
    </testcase>
    <testcase classname="&lt;VoteApi /&gt; should click no and api endpoint should be called" name="&lt;VoteApi /&gt; should click no and api endpoint should be called" time="0.074">
    </testcase>
  </testsuite>
  <testsuite name="src\__tests__\SessionApi.test.js" errors="0" failures="0" skipped="0" timestamp="2022-08-03T01:04:19" time="0.806" tests="1">
    <testcase classname="&lt;SessionApi /&gt; when API call is made, the loader is displayed should return session id" name="&lt;SessionApi /&gt; when API call is made, the loader is displayed should return session id" time="0.038">
    </testcase>
  </testsuite>
  <testsuite name="src\__tests__\GetSessionApi.test.js" errors="0" failures="0" skipped="0" timestamp="2022-08-03T01:04:19" time="0.98" tests="1">
    <testcase classname="&lt;GetSessionApi /&gt; when API call is made, the loader is displayed should return restaurant list" name="&lt;GetSessionApi /&gt; when API call is made, the loader is displayed should return restaurant list" time="0.091">
    </testcase>
  </testsuite>
  <testsuite name="src\__tests__\LandingPage.test.js" errors="0" failures="0" skipped="0" timestamp="2022-08-03T01:04:19" time="1.11" tests="3">
    <testcase classname=" renders the create a group button" name=" renders the create a group button" time="0.066">
    </testcase>
    <testcase classname=" renders the join a group button" name=" renders the join a group button" time="0.016">
    </testcase>
    <testcase classname=" renders the more info button" name=" renders the more info button" time="0.008">
    </testcase>
  </testsuite>
  <testsuite name="src\__tests__\Header.test.js" errors="0" failures="0" skipped="0" timestamp="2022-08-03T01:04:19" time="0.856" tests="1">
    <testcase classname=" renders the header" name=" renders the header" time="0.037">
    </testcase>
  </testsuite>
  <testsuite name="src\__tests__\AddAttendee.test.js" errors="0" failures="0" skipped="0" timestamp="2022-08-03T01:04:16" time="4.398" tests="7">
    <testcase classname=" renders the add attendees page tagline" name=" renders the add attendees page tagline" time="0.266">
    </testcase>
    <testcase classname=" renders the go back button" name=" renders the go back button" time="0.213">
    </testcase>
    <testcase classname=" renders the invite attendees button" name=" renders the invite attendees button" time="0.106">
    </testcase>
    <testcase classname=" renders the add attendee button" name=" renders the add attendee button" time="0.061">
    </testcase>
    <testcase classname=" renders the skip button" name=" renders the skip button" time="0.055">
    </testcase>
    <testcase classname=" renders the email address form" name=" renders the email address form" time="0.026">
    </testcase>
    <testcase classname=" renders the name form" name=" renders the name form" time="0.019">
    </testcase>
  </testsuite>
  <testsuite name="src\__tests__\InitiatorPage.test.js" errors="0" failures="0" skipped="0" timestamp="2022-08-03T01:04:19" time="1.515" tests="1">
    <testcase classname=" renders the initiator page tagline" name=" renders the initiator page tagline" time="0.16">
    </testcase>
  </testsuite>
  <testsuite name="src\__tests__\AddAttendeesApi.test.js" errors="0" failures="0" skipped="0" timestamp="2022-08-03T01:04:20" time="0.75" tests="1">
    <testcase classname="&lt;AddAttendeesApi /&gt; when API call is made, the loader is displayed should return 200 response" name="&lt;AddAttendeesApi /&gt; when API call is made, the loader is displayed should return 200 response" time="0.034">
    </testcase>
  </testsuite>
  <testsuite name="src\__tests__\Tagline.test.js" errors="0" failures="0" skipped="0" timestamp="2022-08-03T01:04:20" time="0.601" tests="1">
    <testcase classname=" renders the Tagline" name=" renders the Tagline" time="0.02">
    </testcase>
  </testsuite>
  <testsuite name="src\__tests__\AttendeeForm.test.js" errors="0" failures="0" skipped="0" timestamp="2022-08-03T01:04:16" time="6.098" tests="7">
    <testcase classname="&lt;AttendeeForm /&gt; should load user data into form" name="&lt;AttendeeForm /&gt; should load user data into form" time="0.826">
    </testcase>
    <testcase classname="&lt;AttendeeForm /&gt; add attendee button should be disabled without data in fields" name="&lt;AttendeeForm /&gt; add attendee button should be disabled without data in fields" time="0.072">
    </testcase>
    <testcase classname="&lt;AttendeeForm /&gt; should load user data into form and add attendee to list" name="&lt;AttendeeForm /&gt; should load user data into form and add attendee to list" time="0.572">
    </testcase>
    <testcase classname="&lt;AttendeeForm /&gt; should click edit and load user data into form" name="&lt;AttendeeForm /&gt; should click edit and load user data into form" time="0.677">
    </testcase>
    <testcase classname="&lt;AttendeeForm /&gt; should click delete and delete user from list" name="&lt;AttendeeForm /&gt; should click delete and delete user from list" time="0.501">
    </testcase>
    <testcase classname="&lt;AttendeeForm /&gt; should hover over edit icon and see tooltip" name="&lt;AttendeeForm /&gt; should hover over edit icon and see tooltip" time="0.48">
    </testcase>
    <testcase classname="&lt;AttendeeForm /&gt; should hover over delete icon and see tooltip" name="&lt;AttendeeForm /&gt; should hover over delete icon and see tooltip" time="0.523">
    </testcase>
  </testsuite>
</testsuites>